<?xml version="1.0" encoding="UTF-8"?>
<!-- Generated by org.testng.reporters.JUnitReportReporter -->
<testsuite hostname="DESKTOP-CRGJO43" failures="0" tests="1" name="com.OpenBrowser" time="32.301" errors="0" timestamp="2021-11-22T23:53:24 IST" skipped="0">
  <testcase classname="com.OpenBrowser" name="openbrowser" time="32.301"/>
</testsuite> <!-- com.OpenBrowser -->
