<?xml version="1.0" encoding="UTF-8"?>
<!-- Generated by org.testng.reporters.JUnitReportReporter -->
<testsuite hostname="DESKTOP-CRGJO43" failures="0" tests="1" name="cnn.CNN_Page" time="11.038" errors="0" timestamp="2021-11-24T10:20:58 IST" skipped="0">
  <testcase classname="cnn.CNN_Page" name="appTest" time="11.038"/>
</testsuite> <!-- cnn.CNN_Page -->
