<?xml version="1.0" encoding="UTF-8"?>
<!-- Generated by org.testng.reporters.JUnitReportReporter -->
<testsuite hostname="DESKTOP-CRGJO43" failures="0" tests="1" name="browserLaunch.OpenBrowser" time="8.745" errors="0" timestamp="2021-11-23T21:13:50 IST" skipped="0">
  <testcase classname="browserLaunch.OpenBrowser" name="testCase_1" time="8.745"/>
</testsuite> <!-- browserLaunch.OpenBrowser -->
