<?xml version="1.0" encoding="UTF-8"?>
<!-- Generated by org.testng.reporters.JUnitReportReporter -->
<testsuite hostname="DESKTOP-CRGJO43" failures="0" tests="1" name="javaScript_Executer.JavaScriptClass" time="11.551" errors="0" timestamp="2021-12-07T14:53:36 IST" skipped="0">
  <testcase classname="javaScript_Executer.JavaScriptClass" name="javaSriptTest" time="11.551"/>
</testsuite> <!-- javaScript_Executer.JavaScriptClass -->
