<?xml version="1.0" encoding="UTF-8"?>
<!-- Generated by org.testng.reporters.JUnitReportReporter -->
<testsuite hostname="DESKTOP-CRGJO43" failures="0" tests="1" name="framePackage.FrameClass_Paytm" time="26.882" errors="0" timestamp="2021-12-07T18:02:24 IST" skipped="0">
  <testcase classname="framePackage.FrameClass_Paytm" name="frameTest" time="26.882"/>
</testsuite> <!-- framePackage.FrameClass_Paytm -->
