<?xml version="1.0" encoding="UTF-8"?>
<!-- Generated by org.testng.reporters.JUnitReportReporter -->
<testsuite hostname="DESKTOP-CRGJO43" failures="0" tests="1" name="browserLaunch.Find_all_Link_Page" time="85.248" errors="0" timestamp="2021-12-05T16:52:26 IST" skipped="0">
  <testcase classname="browserLaunch.Find_all_Link_Page" name="testLink" time="85.248"/>
</testsuite> <!-- browserLaunch.Find_all_Link_Page -->
