<?xml version="1.0" encoding="UTF-8"?>
<!-- Generated by org.testng.reporters.JUnitReportReporter -->
<testsuite hostname="DESKTOP-CRGJO43" failures="0" tests="1" name="browserLaunch.Way_Without_HardCode" time="198.892" errors="0" timestamp="2021-12-05T22:02:04 IST" skipped="0">
  <testcase classname="browserLaunch.Way_Without_HardCode" name="checkLink_Status" time="198.892"/>
</testsuite> <!-- browserLaunch.Way_Without_HardCode -->
