<?xml version="1.0" encoding="UTF-8"?>
<!-- Generated by org.testng.reporters.JUnitReportReporter -->
<testsuite hostname="DESKTOP-CRGJO43" failures="0" tests="1" name="select_Dropdown.DropDown_Select" time="9.365" errors="0" timestamp="2021-11-24T15:25:24 IST" skipped="0">
  <testcase classname="select_Dropdown.DropDown_Select" name="findelements" time="9.365"/>
</testsuite> <!-- select_Dropdown.DropDown_Select -->
