<?xml version="1.0" encoding="UTF-8"?>
<!-- Generated by org.testng.reporters.JUnitReportReporter -->
<testsuite hostname="DESKTOP-CRGJO43" failures="0" tests="1" name="multiple_Select.MultiSelect_Value" time="6.315" errors="0" timestamp="2021-11-24T18:39:43 IST" skipped="0">
  <testcase classname="multiple_Select.MultiSelect_Value" name="findelements" time="6.315"/>
</testsuite> <!-- multiple_Select.MultiSelect_Value -->
