<?xml version="1.0" encoding="UTF-8"?>
<!-- Generated by org.testng.reporters.JUnitReportReporter -->
<testsuite hostname="DESKTOP-CRGJO43" failures="0" tests="1" name="sample_Project.Test_dr_appointment" time="21.690" errors="0" timestamp="2021-11-26T15:19:56 IST" skipped="0">
  <testcase classname="sample_Project.Test_dr_appointment" name="first_Test" time="21.690"/>
</testsuite> <!-- sample_Project.Test_dr_appointment -->
