<?xml version="1.0" encoding="UTF-8"?>
<!-- Generated by org.testng.reporters.JUnitReportReporter -->
<testsuite hostname="DESKTOP-CRGJO43" failures="0" tests="1" name="takeScreenshot_package.ScreenShotClass" time="15.949" errors="0" timestamp="2021-12-07T10:54:52 IST" skipped="0">
  <testcase classname="takeScreenshot_package.ScreenShotClass" name="testScreenshot" time="15.949"/>
</testsuite> <!-- takeScreenshot_package.ScreenShotClass -->
