<?xml version="1.0" encoding="UTF-8"?>
<!-- Generated by org.testng.reporters.JUnitReportReporter -->
<testsuite hostname="DESKTOP-CRGJO43" failures="0" tests="1" name="webElementFeature.ElementsClass" time="12.922" errors="0" timestamp="2021-11-24T13:38:30 IST" skipped="0">
  <testcase classname="webElementFeature.ElementsClass" name="findelements" time="12.922"/>
</testsuite> <!-- webElementFeature.ElementsClass -->
